<?xml version="1.0" encoding="UTF-8"?>
<testng-results skipped="2" failed="0" ignored="0" total="3" passed="1">
  <reporter-output>
    <line>
      <![CDATA[Before navigating to: 'http://localhost:9999']]>
    </line>
    <line>
      <![CDATA[Navigated to:'http://localhost:9999']]>
    </line>
    <line>
      <![CDATA[Trying to find Element By : By.name: user_name]]>
    </line>
    <line>
      <![CDATA[Found Element By : By.name: user_name]]>
    </line>
    <line>
      <![CDATA[Trying to find Element By : By.name: user_password]]>
    </line>
    <line>
      <![CDATA[Found Element By : By.name: user_password]]>
    </line>
    <line>
      <![CDATA[Trying to find Element By : By.id: submitButton]]>
    </line>
    <line>
      <![CDATA[Found Element By : By.id: submitButton]]>
    </line>
    <line>
      <![CDATA[Trying to click on: [[ChromeDriver: chrome on WINDOWS (1be0b1e33bdee0d39392b034ddd78dd7)] -> id: submitButton]]]>
    </line>
    <line>
      <![CDATA[Clicked on: [[ChromeDriver: chrome on WINDOWS (1be0b1e33bdee0d39392b034ddd78dd7)] -> id: submitButton]]]>
    </line>
    <line>
      <![CDATA[Trying to find Element By : By.xpath: //a[text()='Organizations']]]>
    </line>
    <line>
      <![CDATA[Found Element By : By.xpath: //a[text()='Organizations']]]>
    </line>
    <line>
      <![CDATA[Trying to click on: [[ChromeDriver: chrome on WINDOWS (1be0b1e33bdee0d39392b034ddd78dd7)] -> xpath: //a[text()='Organizations']]]]>
    </line>
    <line>
      <![CDATA[Clicked on: [[ChromeDriver: chrome on WINDOWS (1be0b1e33bdee0d39392b034ddd78dd7)] -> xpath: //a[text()='Organizations']]]]>
    </line>
    <line>
      <![CDATA[validateOrganizationsPageTitle successfully]]>
    </line>
    <line>
      <![CDATA[Trying to find Element By : By.xpath: //td[@class='moduleName']/a[text()='Organizations']]]>
    </line>
    <line>
      <![CDATA[Found Element By : By.xpath: //td[@class='moduleName']/a[text()='Organizations']]]>
    </line>
    <line>
      <![CDATA[validateOrganizationsLink successfully]]>
    </line>
    <line>
      <![CDATA[Trying to find Element By : By.xpath: //img[@title='Create Organization...']]]>
    </line>
    <line>
      <![CDATA[Found Element By : By.xpath: //img[@title='Create Organization...']]]>
    </line>
    <line>
      <![CDATA[Trying to click on: [[ChromeDriver: chrome on WINDOWS (1be0b1e33bdee0d39392b034ddd78dd7)] -> xpath: //img[@title='Create Organization...']]]]>
    </line>
    <line>
      <![CDATA[Clicked on: [[ChromeDriver: chrome on WINDOWS (1be0b1e33bdee0d39392b034ddd78dd7)] -> xpath: //img[@title='Create Organization...']]]]>
    </line>
    <line>
      <![CDATA[Trying to find Element By : By.xpath: //input[@name='accountname']]]>
    </line>
    <line>
      <![CDATA[Found Element By : By.xpath: //input[@name='accountname']]]>
    </line>
    <line>
      <![CDATA[Trying to find Element By : By.xpath: //td[text()='Assigned To ']/following-sibling::td/input[@value='T']]]>
    </line>
    <line>
      <![CDATA[Found Element By : By.xpath: //td[text()='Assigned To ']/following-sibling::td/input[@value='T']]]>
    </line>
    <line>
      <![CDATA[Trying to click on: [[ChromeDriver: chrome on WINDOWS (1be0b1e33bdee0d39392b034ddd78dd7)] -> xpath: //td[text()='Assigned To ']/following-sibling::td/input[@value='T']]]]>
    </line>
    <line>
      <![CDATA[Clicked on: [[ChromeDriver: chrome on WINDOWS (1be0b1e33bdee0d39392b034ddd78dd7)] -> xpath: //td[text()='Assigned To ']/following-sibling::td/input[@value='T']]]]>
    </line>
    <line>
      <![CDATA[Trying to find Element By : By.xpath: //select[@name='assigned_group_id']]]>
    </line>
    <line>
      <![CDATA[Found Element By : By.xpath: //select[@name='assigned_group_id']]]>
    </line>
    <line>
      <![CDATA[Trying to click on: [[ChromeDriver: chrome on WINDOWS (1be0b1e33bdee0d39392b034ddd78dd7)] -> xpath: //select[@name='assigned_group_id']]]]>
    </line>
    <line>
      <![CDATA[Clicked on: [[ChromeDriver: chrome on WINDOWS (1be0b1e33bdee0d39392b034ddd78dd7)] -> xpath: //select[@name='assigned_group_id']]]]>
    </line>
    <line>
      <![CDATA[Trying to find Element By : By.xpath: //select[@name='assigned_group_id']]]>
    </line>
    <line>
      <![CDATA[Found Element By : By.xpath: //select[@name='assigned_group_id']]]>
    </line>
    <line>
      <![CDATA[Trying to find Element By : By.xpath: //select[@name='assigned_group_id']]]>
    </line>
    <line>
      <![CDATA[Found Element By : By.xpath: //select[@name='assigned_group_id']]]>
    </line>
    <line>
      <![CDATA[Trying to find Element By : By.xpath: //select[@name='assigned_group_id']]]>
    </line>
    <line>
      <![CDATA[Found Element By : By.xpath: //select[@name='assigned_group_id']]]>
    </line>
    <line>
      <![CDATA[Trying to find Element By : By.xpath: .//option[normalize-space(.) = "Marketing Group"]]]>
    </line>
    <line>
      <![CDATA[Found Element By : By.xpath: .//option[normalize-space(.) = "Marketing Group"]]]>
    </line>
    <line>
      <![CDATA[Trying to find Element By : By.xpath: //textarea[@class='detailedViewTextBox' and @name="description"]]]>
    </line>
    <line>
      <![CDATA[Found Element By : By.xpath: //textarea[@class='detailedViewTextBox' and @name="description"]]]>
    </line>
    <line>
      <![CDATA[Trying to find Element By : By.xpath: //input[@class='crmbutton small save']]]>
    </line>
    <line>
      <![CDATA[Found Element By : By.xpath: //input[@class='crmbutton small save']]]>
    </line>
    <line>
      <![CDATA[Trying to click on: [[ChromeDriver: chrome on WINDOWS (1be0b1e33bdee0d39392b034ddd78dd7)] -> xpath: //input[@class='crmbutton small save']]]]>
    </line>
    <line>
      <![CDATA[Clicked on: [[ChromeDriver: chrome on WINDOWS (1be0b1e33bdee0d39392b034ddd78dd7)] -> xpath: //input[@class='crmbutton small save']]]]>
    </line>
    <line>
      <![CDATA[createOrganization successfully]]>
    </line>
    <line>
      <![CDATA[Trying to find Element By : By.xpath: //img[contains(@src,'user')]]]>
    </line>
    <line>
      <![CDATA[Found Element By : By.xpath: //img[contains(@src,'user')]]]>
    </line>
    <line>
      <![CDATA[Trying to find Element By : By.xpath: //a[text()='Sign Out']]]>
    </line>
    <line>
      <![CDATA[Found Element By : By.xpath: //a[text()='Sign Out']]]>
    </line>
    <line>
      <![CDATA[Trying to click on: [[ChromeDriver: chrome on WINDOWS (1be0b1e33bdee0d39392b034ddd78dd7)] -> xpath: //a[text()='Sign Out']]]]>
    </line>
    <line>
      <![CDATA[Exception occured: org.openqa.selenium.StaleElementReferenceException: stale element reference: element is not attached to the page document
  (Session info: chrome=80.0.3987.163)
For documentation on this error, please visit: https://www.seleniumhq.org/exceptions/stale_element_reference.html
Build info: version: '3.141.59', revision: 'e82be7d358', time: '2018-11-14T08:17:03'
System info: host: 'TIPPU', ip: '192.168.56.1', os.name: 'Windows 10', os.arch: 'amd64', os.version: '10.0', java.version: '1.8.0_201'
Driver info: org.openqa.selenium.chrome.ChromeDriver
Capabilities {acceptInsecureCerts: false, browserName: chrome, browserVersion: 80.0.3987.163, chrome: {chromedriverVersion: 80.0.3987.106 (f68069574609..., userDataDir: C:\Users\tippe\AppData\Loca...}, goog:chromeOptions: {debuggerAddress: localhost:53645}, javascriptEnabled: true, networkConnectionEnabled: false, pageLoadStrategy: normal, platform: WINDOWS, platformName: WINDOWS, proxy: Proxy(), setWindowRect: true, strictFileInteractability: false, timeouts: {implicit: 0, pageLoad: 300000, script: 30000}, unhandledPromptBehavior: dismiss and notify}
Session ID: 1be0b1e33bdee0d39392b034ddd78dd7]]>
    </line>
    <line>
      <![CDATA[Trying to find Element By : By.xpath: //a[text()='Sign Out']]]>
    </line>
    <line>
      <![CDATA[Found Element By : By.xpath: //a[text()='Sign Out']]]>
    </line>
    <line>
      <![CDATA[Trying to click on: [[ChromeDriver: chrome on WINDOWS (1be0b1e33bdee0d39392b034ddd78dd7)] -> xpath: //a[text()='Sign Out']]]]>
    </line>
    <line>
      <![CDATA[Exception occured: org.openqa.selenium.ElementNotInteractableException: element not interactable
  (Session info: chrome=80.0.3987.163)
Build info: version: '3.141.59', revision: 'e82be7d358', time: '2018-11-14T08:17:03'
System info: host: 'TIPPU', ip: '192.168.56.1', os.name: 'Windows 10', os.arch: 'amd64', os.version: '10.0', java.version: '1.8.0_201'
Driver info: org.openqa.selenium.chrome.ChromeDriver
Capabilities {acceptInsecureCerts: false, browserName: chrome, browserVersion: 80.0.3987.163, chrome: {chromedriverVersion: 80.0.3987.106 (f68069574609..., userDataDir: C:\Users\tippe\AppData\Loca...}, goog:chromeOptions: {debuggerAddress: localhost:53645}, javascriptEnabled: true, networkConnectionEnabled: false, pageLoadStrategy: normal, platform: WINDOWS, platformName: WINDOWS, proxy: Proxy(), setWindowRect: true, strictFileInteractability: false, timeouts: {implicit: 0, pageLoad: 300000, script: 30000}, unhandledPromptBehavior: dismiss and notify}
Session ID: 1be0b1e33bdee0d39392b034ddd78dd7]]>
    </line>
  </reporter-output>
  <suite name="Default suite" duration-ms="92186" started-at="2020-04-09T04:59:04Z" finished-at="2020-04-09T05:00:36Z">
    <groups>
    </groups>
    <test name="Default test" duration-ms="92186" started-at="2020-04-09T04:59:04Z" finished-at="2020-04-09T05:00:36Z">
      <class name="com.vTigerCRM.qa.testcases.CreateOrganizationTest">
        <test-method status="PASS" signature="configBC()[pri:0, instance:com.vTigerCRM.qa.testcases.CreateOrganizationTest@5622fdf]" name="configBC" is-config="true" duration-ms="15245" started-at="2020-04-09T04:59:04Z" finished-at="2020-04-09T04:59:19Z">
          <reporter-output>
            <line>
              <![CDATA[Before navigating to: 'http://localhost:9999']]>
            </line>
            <line>
              <![CDATA[Navigated to:'http://localhost:9999']]>
            </line>
          </reporter-output>
        </test-method> <!-- configBC -->
        <test-method status="PASS" signature="configBM()[pri:0, instance:com.vTigerCRM.qa.testcases.CreateOrganizationTest@5622fdf]" name="configBM" is-config="true" duration-ms="7517" started-at="2020-04-09T04:59:26Z" finished-at="2020-04-09T04:59:33Z">
          <reporter-output>
            <line>
              <![CDATA[Trying to find Element By : By.name: user_name]]>
            </line>
            <line>
              <![CDATA[Found Element By : By.name: user_name]]>
            </line>
            <line>
              <![CDATA[Trying to find Element By : By.name: user_password]]>
            </line>
            <line>
              <![CDATA[Found Element By : By.name: user_password]]>
            </line>
            <line>
              <![CDATA[Trying to find Element By : By.id: submitButton]]>
            </line>
            <line>
              <![CDATA[Found Element By : By.id: submitButton]]>
            </line>
            <line>
              <![CDATA[Trying to click on: [[ChromeDriver: chrome on WINDOWS (1be0b1e33bdee0d39392b034ddd78dd7)] -> id: submitButton]]]>
            </line>
            <line>
              <![CDATA[Clicked on: [[ChromeDriver: chrome on WINDOWS (1be0b1e33bdee0d39392b034ddd78dd7)] -> id: submitButton]]]>
            </line>
          </reporter-output>
        </test-method> <!-- configBM -->
        <test-method status="PASS" signature="validateCreateOrganizationTest(java.lang.String, java.lang.String, java.lang.String)[pri:1, instance:com.vTigerCRM.qa.testcases.CreateOrganizationTest@5622fdf]" name="validateCreateOrganizationTest" duration-ms="23942" started-at="2020-04-09T04:59:33Z" data-provider="getCRMTestData" finished-at="2020-04-09T04:59:57Z">
          <params>
            <param index="0">
              <value>
                <![CDATA[qspider]]>
              </value>
            </param>
            <param index="1">
              <value>
                <![CDATA[Marketing Group]]>
              </value>
            </param>
            <param index="2">
              <value>
                <![CDATA[Good Platform to Learn Manual & Selenium]]>
              </value>
            </param>
          </params>
          <reporter-output>
            <line>
              <![CDATA[Trying to find Element By : By.xpath: //a[text()='Organizations']]]>
            </line>
            <line>
              <![CDATA[Found Element By : By.xpath: //a[text()='Organizations']]]>
            </line>
            <line>
              <![CDATA[Trying to click on: [[ChromeDriver: chrome on WINDOWS (1be0b1e33bdee0d39392b034ddd78dd7)] -> xpath: //a[text()='Organizations']]]]>
            </line>
            <line>
              <![CDATA[Clicked on: [[ChromeDriver: chrome on WINDOWS (1be0b1e33bdee0d39392b034ddd78dd7)] -> xpath: //a[text()='Organizations']]]]>
            </line>
            <line>
              <![CDATA[validateOrganizationsPageTitle successfully]]>
            </line>
            <line>
              <![CDATA[Trying to find Element By : By.xpath: //td[@class='moduleName']/a[text()='Organizations']]]>
            </line>
            <line>
              <![CDATA[Found Element By : By.xpath: //td[@class='moduleName']/a[text()='Organizations']]]>
            </line>
            <line>
              <![CDATA[validateOrganizationsLink successfully]]>
            </line>
            <line>
              <![CDATA[Trying to find Element By : By.xpath: //img[@title='Create Organization...']]]>
            </line>
            <line>
              <![CDATA[Found Element By : By.xpath: //img[@title='Create Organization...']]]>
            </line>
            <line>
              <![CDATA[Trying to click on: [[ChromeDriver: chrome on WINDOWS (1be0b1e33bdee0d39392b034ddd78dd7)] -> xpath: //img[@title='Create Organization...']]]]>
            </line>
            <line>
              <![CDATA[Clicked on: [[ChromeDriver: chrome on WINDOWS (1be0b1e33bdee0d39392b034ddd78dd7)] -> xpath: //img[@title='Create Organization...']]]]>
            </line>
            <line>
              <![CDATA[Trying to find Element By : By.xpath: //input[@name='accountname']]]>
            </line>
            <line>
              <![CDATA[Found Element By : By.xpath: //input[@name='accountname']]]>
            </line>
            <line>
              <![CDATA[Trying to find Element By : By.xpath: //td[text()='Assigned To ']/following-sibling::td/input[@value='T']]]>
            </line>
            <line>
              <![CDATA[Found Element By : By.xpath: //td[text()='Assigned To ']/following-sibling::td/input[@value='T']]]>
            </line>
            <line>
              <![CDATA[Trying to click on: [[ChromeDriver: chrome on WINDOWS (1be0b1e33bdee0d39392b034ddd78dd7)] -> xpath: //td[text()='Assigned To ']/following-sibling::td/input[@value='T']]]]>
            </line>
            <line>
              <![CDATA[Clicked on: [[ChromeDriver: chrome on WINDOWS (1be0b1e33bdee0d39392b034ddd78dd7)] -> xpath: //td[text()='Assigned To ']/following-sibling::td/input[@value='T']]]]>
            </line>
            <line>
              <![CDATA[Trying to find Element By : By.xpath: //select[@name='assigned_group_id']]]>
            </line>
            <line>
              <![CDATA[Found Element By : By.xpath: //select[@name='assigned_group_id']]]>
            </line>
            <line>
              <![CDATA[Trying to click on: [[ChromeDriver: chrome on WINDOWS (1be0b1e33bdee0d39392b034ddd78dd7)] -> xpath: //select[@name='assigned_group_id']]]]>
            </line>
            <line>
              <![CDATA[Clicked on: [[ChromeDriver: chrome on WINDOWS (1be0b1e33bdee0d39392b034ddd78dd7)] -> xpath: //select[@name='assigned_group_id']]]]>
            </line>
            <line>
              <![CDATA[Trying to find Element By : By.xpath: //select[@name='assigned_group_id']]]>
            </line>
            <line>
              <![CDATA[Found Element By : By.xpath: //select[@name='assigned_group_id']]]>
            </line>
            <line>
              <![CDATA[Trying to find Element By : By.xpath: //select[@name='assigned_group_id']]]>
            </line>
            <line>
              <![CDATA[Found Element By : By.xpath: //select[@name='assigned_group_id']]]>
            </line>
            <line>
              <![CDATA[Trying to find Element By : By.xpath: //select[@name='assigned_group_id']]]>
            </line>
            <line>
              <![CDATA[Found Element By : By.xpath: //select[@name='assigned_group_id']]]>
            </line>
            <line>
              <![CDATA[Trying to find Element By : By.xpath: .//option[normalize-space(.) = "Marketing Group"]]]>
            </line>
            <line>
              <![CDATA[Found Element By : By.xpath: .//option[normalize-space(.) = "Marketing Group"]]]>
            </line>
            <line>
              <![CDATA[Trying to find Element By : By.xpath: //textarea[@class='detailedViewTextBox' and @name="description"]]]>
            </line>
            <line>
              <![CDATA[Found Element By : By.xpath: //textarea[@class='detailedViewTextBox' and @name="description"]]]>
            </line>
            <line>
              <![CDATA[Trying to find Element By : By.xpath: //input[@class='crmbutton small save']]]>
            </line>
            <line>
              <![CDATA[Found Element By : By.xpath: //input[@class='crmbutton small save']]]>
            </line>
            <line>
              <![CDATA[Trying to click on: [[ChromeDriver: chrome on WINDOWS (1be0b1e33bdee0d39392b034ddd78dd7)] -> xpath: //input[@class='crmbutton small save']]]]>
            </line>
            <line>
              <![CDATA[Clicked on: [[ChromeDriver: chrome on WINDOWS (1be0b1e33bdee0d39392b034ddd78dd7)] -> xpath: //input[@class='crmbutton small save']]]]>
            </line>
            <line>
              <![CDATA[createOrganization successfully]]>
            </line>
          </reporter-output>
        </test-method> <!-- validateCreateOrganizationTest -->
        <test-method status="FAIL" signature="configAC()[pri:0, instance:com.vTigerCRM.qa.testcases.CreateOrganizationTest@5622fdf]" name="configAC" is-config="true" duration-ms="38526" started-at="2020-04-09T04:59:57Z" finished-at="2020-04-09T05:00:35Z">
          <exception class="org.openqa.selenium.ElementNotInteractableException">
            <message>
              <![CDATA[element not interactable
  (Session info: chrome=80.0.3987.163)
Build info: version: '3.141.59', revision: 'e82be7d358', time: '2018-11-14T08:17:03'
System info: host: 'TIPPU', ip: '192.168.56.1', os.name: 'Windows 10', os.arch: 'amd64', os.version: '10.0', java.version: '1.8.0_201'
Driver info: org.openqa.selenium.chrome.ChromeDriver
Capabilities {acceptInsecureCerts: false, browserName: chrome, browserVersion: 80.0.3987.163, chrome: {chromedriverVersion: 80.0.3987.106 (f68069574609..., userDataDir: C:\Users\tippe\AppData\Loca...}, goog:chromeOptions: {debuggerAddress: localhost:53645}, javascriptEnabled: true, networkConnectionEnabled: false, pageLoadStrategy: normal, platform: WINDOWS, platformName: WINDOWS, proxy: Proxy(), setWindowRect: true, strictFileInteractability: false, timeouts: {implicit: 0, pageLoad: 300000, script: 30000}, unhandledPromptBehavior: dismiss and notify}
Session ID: 1be0b1e33bdee0d39392b034ddd78dd7]]>
            </message>
            <full-stacktrace>
              <![CDATA[org.openqa.selenium.ElementNotInteractableException: element not interactable
  (Session info: chrome=80.0.3987.163)
Build info: version: '3.141.59', revision: 'e82be7d358', time: '2018-11-14T08:17:03'
System info: host: 'TIPPU', ip: '192.168.56.1', os.name: 'Windows 10', os.arch: 'amd64', os.version: '10.0', java.version: '1.8.0_201'
Driver info: org.openqa.selenium.chrome.ChromeDriver
Capabilities {acceptInsecureCerts: false, browserName: chrome, browserVersion: 80.0.3987.163, chrome: {chromedriverVersion: 80.0.3987.106 (f68069574609..., userDataDir: C:\Users\tippe\AppData\Loca...}, goog:chromeOptions: {debuggerAddress: localhost:53645}, javascriptEnabled: true, networkConnectionEnabled: false, pageLoadStrategy: normal, platform: WINDOWS, platformName: WINDOWS, proxy: Proxy(), setWindowRect: true, strictFileInteractability: false, timeouts: {implicit: 0, pageLoad: 300000, script: 30000}, unhandledPromptBehavior: dismiss and notify}
Session ID: 1be0b1e33bdee0d39392b034ddd78dd7
at sun.reflect.NativeConstructorAccessorImpl.newInstance0(Native Method)
at sun.reflect.NativeConstructorAccessorImpl.newInstance(Unknown Source)
at sun.reflect.DelegatingConstructorAccessorImpl.newInstance(Unknown Source)
at java.lang.reflect.Constructor.newInstance(Unknown Source)
at org.openqa.selenium.remote.http.W3CHttpResponseCodec.createException(W3CHttpResponseCodec.java:187)
at org.openqa.selenium.remote.http.W3CHttpResponseCodec.decode(W3CHttpResponseCodec.java:122)
at org.openqa.selenium.remote.http.W3CHttpResponseCodec.decode(W3CHttpResponseCodec.java:49)
at org.openqa.selenium.remote.HttpCommandExecutor.execute(HttpCommandExecutor.java:158)
at org.openqa.selenium.remote.service.DriverCommandExecutor.execute(DriverCommandExecutor.java:83)
at org.openqa.selenium.remote.RemoteWebDriver.execute(RemoteWebDriver.java:552)
at org.openqa.selenium.remote.RemoteWebElement.execute(RemoteWebElement.java:285)
at org.openqa.selenium.remote.RemoteWebElement.click(RemoteWebElement.java:84)
at sun.reflect.NativeMethodAccessorImpl.invoke0(Native Method)
at sun.reflect.NativeMethodAccessorImpl.invoke(Unknown Source)
at sun.reflect.DelegatingMethodAccessorImpl.invoke(Unknown Source)
at java.lang.reflect.Method.invoke(Unknown Source)
at org.openqa.selenium.support.events.EventFiringWebDriver$EventFiringWebElement.lambda$new$0(EventFiringWebDriver.java:404)
at com.sun.proxy.$Proxy16.click(Unknown Source)
at org.openqa.selenium.support.events.EventFiringWebDriver$EventFiringWebElement.click(EventFiringWebDriver.java:417)
at com.vTigerCRM.qa.pages.Homepage.signOut(Homepage.java:76)
at com.vTigerCRM.qa.Base.TestBase.configAC(TestBase.java:89)
at sun.reflect.NativeMethodAccessorImpl.invoke0(Native Method)
at sun.reflect.NativeMethodAccessorImpl.invoke(Unknown Source)
at sun.reflect.DelegatingMethodAccessorImpl.invoke(Unknown Source)
at java.lang.reflect.Method.invoke(Unknown Source)
at org.testng.internal.MethodInvocationHelper.invokeMethod(MethodInvocationHelper.java:124)
at org.testng.internal.MethodInvocationHelper.invokeMethodConsideringTimeout(MethodInvocationHelper.java:59)
at org.testng.internal.Invoker.invokeConfigurationMethod(Invoker.java:458)
at org.testng.internal.Invoker.invokeConfigurations(Invoker.java:222)
at org.testng.internal.Invoker.invokeMethod(Invoker.java:646)
at org.testng.internal.Invoker.invokeTestMethod(Invoker.java:719)
at org.testng.internal.Invoker.invokeTestMethods(Invoker.java:989)
at org.testng.internal.TestMethodWorker.invokeTestMethods(TestMethodWorker.java:125)
at org.testng.internal.TestMethodWorker.run(TestMethodWorker.java:109)
at org.testng.TestRunner.privateRun(TestRunner.java:648)
at org.testng.TestRunner.run(TestRunner.java:505)
at org.testng.SuiteRunner.runTest(SuiteRunner.java:455)
at org.testng.SuiteRunner.runSequentially(SuiteRunner.java:450)
at org.testng.SuiteRunner.privateRun(SuiteRunner.java:415)
at org.testng.SuiteRunner.run(SuiteRunner.java:364)
at org.testng.SuiteRunnerWorker.runSuite(SuiteRunnerWorker.java:52)
at org.testng.SuiteRunnerWorker.run(SuiteRunnerWorker.java:84)
at org.testng.TestNG.runSuitesSequentially(TestNG.java:1208)
at org.testng.TestNG.runSuitesLocally(TestNG.java:1137)
at org.testng.TestNG.runSuites(TestNG.java:1049)
at org.testng.TestNG.run(TestNG.java:1017)
at org.testng.remote.AbstractRemoteTestNG.run(AbstractRemoteTestNG.java:114)
at org.testng.remote.RemoteTestNG.initAndRun(RemoteTestNG.java:251)
at org.testng.remote.RemoteTestNG.main(RemoteTestNG.java:77)
]]>
            </full-stacktrace>
          </exception> <!-- org.openqa.selenium.ElementNotInteractableException -->
          <reporter-output>
            <line>
              <![CDATA[Trying to find Element By : By.xpath: //img[contains(@src,'user')]]]>
            </line>
            <line>
              <![CDATA[Found Element By : By.xpath: //img[contains(@src,'user')]]]>
            </line>
            <line>
              <![CDATA[Trying to find Element By : By.xpath: //a[text()='Sign Out']]]>
            </line>
            <line>
              <![CDATA[Found Element By : By.xpath: //a[text()='Sign Out']]]>
            </line>
            <line>
              <![CDATA[Trying to click on: [[ChromeDriver: chrome on WINDOWS (1be0b1e33bdee0d39392b034ddd78dd7)] -> xpath: //a[text()='Sign Out']]]]>
            </line>
            <line>
              <![CDATA[Exception occured: org.openqa.selenium.StaleElementReferenceException: stale element reference: element is not attached to the page document
  (Session info: chrome=80.0.3987.163)
For documentation on this error, please visit: https://www.seleniumhq.org/exceptions/stale_element_reference.html
Build info: version: '3.141.59', revision: 'e82be7d358', time: '2018-11-14T08:17:03'
System info: host: 'TIPPU', ip: '192.168.56.1', os.name: 'Windows 10', os.arch: 'amd64', os.version: '10.0', java.version: '1.8.0_201'
Driver info: org.openqa.selenium.chrome.ChromeDriver
Capabilities {acceptInsecureCerts: false, browserName: chrome, browserVersion: 80.0.3987.163, chrome: {chromedriverVersion: 80.0.3987.106 (f68069574609..., userDataDir: C:\Users\tippe\AppData\Loca...}, goog:chromeOptions: {debuggerAddress: localhost:53645}, javascriptEnabled: true, networkConnectionEnabled: false, pageLoadStrategy: normal, platform: WINDOWS, platformName: WINDOWS, proxy: Proxy(), setWindowRect: true, strictFileInteractability: false, timeouts: {implicit: 0, pageLoad: 300000, script: 30000}, unhandledPromptBehavior: dismiss and notify}
Session ID: 1be0b1e33bdee0d39392b034ddd78dd7]]>
            </line>
            <line>
              <![CDATA[Trying to find Element By : By.xpath: //a[text()='Sign Out']]]>
            </line>
            <line>
              <![CDATA[Found Element By : By.xpath: //a[text()='Sign Out']]]>
            </line>
            <line>
              <![CDATA[Trying to click on: [[ChromeDriver: chrome on WINDOWS (1be0b1e33bdee0d39392b034ddd78dd7)] -> xpath: //a[text()='Sign Out']]]]>
            </line>
            <line>
              <![CDATA[Exception occured: org.openqa.selenium.ElementNotInteractableException: element not interactable
  (Session info: chrome=80.0.3987.163)
Build info: version: '3.141.59', revision: 'e82be7d358', time: '2018-11-14T08:17:03'
System info: host: 'TIPPU', ip: '192.168.56.1', os.name: 'Windows 10', os.arch: 'amd64', os.version: '10.0', java.version: '1.8.0_201'
Driver info: org.openqa.selenium.chrome.ChromeDriver
Capabilities {acceptInsecureCerts: false, browserName: chrome, browserVersion: 80.0.3987.163, chrome: {chromedriverVersion: 80.0.3987.106 (f68069574609..., userDataDir: C:\Users\tippe\AppData\Loca...}, goog:chromeOptions: {debuggerAddress: localhost:53645}, javascriptEnabled: true, networkConnectionEnabled: false, pageLoadStrategy: normal, platform: WINDOWS, platformName: WINDOWS, proxy: Proxy(), setWindowRect: true, strictFileInteractability: false, timeouts: {implicit: 0, pageLoad: 300000, script: 30000}, unhandledPromptBehavior: dismiss and notify}
Session ID: 1be0b1e33bdee0d39392b034ddd78dd7]]>
            </line>
          </reporter-output>
        </test-method> <!-- configAC -->
        <test-method status="SKIP" signature="configBM()[pri:0, instance:com.vTigerCRM.qa.testcases.CreateOrganizationTest@5622fdf]" name="configBM" is-config="true" duration-ms="0" started-at="2020-04-09T05:00:36Z" finished-at="2020-04-09T05:00:36Z">
          <reporter-output>
          </reporter-output>
        </test-method> <!-- configBM -->
        <test-method status="SKIP" signature="validateCreateOrganizationTest(java.lang.String, java.lang.String, java.lang.String)[pri:1, instance:com.vTigerCRM.qa.testcases.CreateOrganizationTest@5622fdf]" name="validateCreateOrganizationTest" duration-ms="0" started-at="2020-04-09T05:00:36Z" data-provider="getCRMTestData" finished-at="2020-04-09T05:00:36Z">
          <exception class="org.openqa.selenium.ElementNotInteractableException">
            <message>
              <![CDATA[element not interactable
  (Session info: chrome=80.0.3987.163)
Build info: version: '3.141.59', revision: 'e82be7d358', time: '2018-11-14T08:17:03'
System info: host: 'TIPPU', ip: '192.168.56.1', os.name: 'Windows 10', os.arch: 'amd64', os.version: '10.0', java.version: '1.8.0_201'
Driver info: org.openqa.selenium.chrome.ChromeDriver
Capabilities {acceptInsecureCerts: false, browserName: chrome, browserVersion: 80.0.3987.163, chrome: {chromedriverVersion: 80.0.3987.106 (f68069574609..., userDataDir: C:\Users\tippe\AppData\Loca...}, goog:chromeOptions: {debuggerAddress: localhost:53645}, javascriptEnabled: true, networkConnectionEnabled: false, pageLoadStrategy: normal, platform: WINDOWS, platformName: WINDOWS, proxy: Proxy(), setWindowRect: true, strictFileInteractability: false, timeouts: {implicit: 0, pageLoad: 300000, script: 30000}, unhandledPromptBehavior: dismiss and notify}
Session ID: 1be0b1e33bdee0d39392b034ddd78dd7]]>
            </message>
            <full-stacktrace>
              <![CDATA[org.openqa.selenium.ElementNotInteractableException: element not interactable
  (Session info: chrome=80.0.3987.163)
Build info: version: '3.141.59', revision: 'e82be7d358', time: '2018-11-14T08:17:03'
System info: host: 'TIPPU', ip: '192.168.56.1', os.name: 'Windows 10', os.arch: 'amd64', os.version: '10.0', java.version: '1.8.0_201'
Driver info: org.openqa.selenium.chrome.ChromeDriver
Capabilities {acceptInsecureCerts: false, browserName: chrome, browserVersion: 80.0.3987.163, chrome: {chromedriverVersion: 80.0.3987.106 (f68069574609..., userDataDir: C:\Users\tippe\AppData\Loca...}, goog:chromeOptions: {debuggerAddress: localhost:53645}, javascriptEnabled: true, networkConnectionEnabled: false, pageLoadStrategy: normal, platform: WINDOWS, platformName: WINDOWS, proxy: Proxy(), setWindowRect: true, strictFileInteractability: false, timeouts: {implicit: 0, pageLoad: 300000, script: 30000}, unhandledPromptBehavior: dismiss and notify}
Session ID: 1be0b1e33bdee0d39392b034ddd78dd7
at sun.reflect.NativeConstructorAccessorImpl.newInstance0(Native Method)
at sun.reflect.NativeConstructorAccessorImpl.newInstance(Unknown Source)
at sun.reflect.DelegatingConstructorAccessorImpl.newInstance(Unknown Source)
at java.lang.reflect.Constructor.newInstance(Unknown Source)
at org.openqa.selenium.remote.http.W3CHttpResponseCodec.createException(W3CHttpResponseCodec.java:187)
at org.openqa.selenium.remote.http.W3CHttpResponseCodec.decode(W3CHttpResponseCodec.java:122)
at org.openqa.selenium.remote.http.W3CHttpResponseCodec.decode(W3CHttpResponseCodec.java:49)
at org.openqa.selenium.remote.HttpCommandExecutor.execute(HttpCommandExecutor.java:158)
at org.openqa.selenium.remote.service.DriverCommandExecutor.execute(DriverCommandExecutor.java:83)
at org.openqa.selenium.remote.RemoteWebDriver.execute(RemoteWebDriver.java:552)
at org.openqa.selenium.remote.RemoteWebElement.execute(RemoteWebElement.java:285)
at org.openqa.selenium.remote.RemoteWebElement.click(RemoteWebElement.java:84)
at sun.reflect.NativeMethodAccessorImpl.invoke0(Native Method)
at sun.reflect.NativeMethodAccessorImpl.invoke(Unknown Source)
at sun.reflect.DelegatingMethodAccessorImpl.invoke(Unknown Source)
at java.lang.reflect.Method.invoke(Unknown Source)
at org.openqa.selenium.support.events.EventFiringWebDriver$EventFiringWebElement.lambda$new$0(EventFiringWebDriver.java:404)
at com.sun.proxy.$Proxy16.click(Unknown Source)
at org.openqa.selenium.support.events.EventFiringWebDriver$EventFiringWebElement.click(EventFiringWebDriver.java:417)
at com.vTigerCRM.qa.pages.Homepage.signOut(Homepage.java:76)
at com.vTigerCRM.qa.Base.TestBase.configAC(TestBase.java:89)
at sun.reflect.NativeMethodAccessorImpl.invoke0(Native Method)
at sun.reflect.NativeMethodAccessorImpl.invoke(Unknown Source)
at sun.reflect.DelegatingMethodAccessorImpl.invoke(Unknown Source)
at java.lang.reflect.Method.invoke(Unknown Source)
at org.testng.internal.MethodInvocationHelper.invokeMethod(MethodInvocationHelper.java:124)
at org.testng.internal.MethodInvocationHelper.invokeMethodConsideringTimeout(MethodInvocationHelper.java:59)
at org.testng.internal.Invoker.invokeConfigurationMethod(Invoker.java:458)
at org.testng.internal.Invoker.invokeConfigurations(Invoker.java:222)
at org.testng.internal.Invoker.invokeMethod(Invoker.java:646)
at org.testng.internal.Invoker.invokeTestMethod(Invoker.java:719)
at org.testng.internal.Invoker.invokeTestMethods(Invoker.java:989)
at org.testng.internal.TestMethodWorker.invokeTestMethods(TestMethodWorker.java:125)
at org.testng.internal.TestMethodWorker.run(TestMethodWorker.java:109)
at org.testng.TestRunner.privateRun(TestRunner.java:648)
at org.testng.TestRunner.run(TestRunner.java:505)
at org.testng.SuiteRunner.runTest(SuiteRunner.java:455)
at org.testng.SuiteRunner.runSequentially(SuiteRunner.java:450)
at org.testng.SuiteRunner.privateRun(SuiteRunner.java:415)
at org.testng.SuiteRunner.run(SuiteRunner.java:364)
at org.testng.SuiteRunnerWorker.runSuite(SuiteRunnerWorker.java:52)
at org.testng.SuiteRunnerWorker.run(SuiteRunnerWorker.java:84)
at org.testng.TestNG.runSuitesSequentially(TestNG.java:1208)
at org.testng.TestNG.runSuitesLocally(TestNG.java:1137)
at org.testng.TestNG.runSuites(TestNG.java:1049)
at org.testng.TestNG.run(TestNG.java:1017)
at org.testng.remote.AbstractRemoteTestNG.run(AbstractRemoteTestNG.java:114)
at org.testng.remote.RemoteTestNG.initAndRun(RemoteTestNG.java:251)
at org.testng.remote.RemoteTestNG.main(RemoteTestNG.java:77)
]]>
            </full-stacktrace>
          </exception> <!-- org.openqa.selenium.ElementNotInteractableException -->
          <reporter-output>
          </reporter-output>
        </test-method> <!-- validateCreateOrganizationTest -->
        <test-method status="SKIP" signature="configAC()[pri:0, instance:com.vTigerCRM.qa.testcases.CreateOrganizationTest@5622fdf]" name="configAC" is-config="true" duration-ms="0" started-at="2020-04-09T05:00:36Z" finished-at="2020-04-09T05:00:36Z">
          <reporter-output>
          </reporter-output>
        </test-method> <!-- configAC -->
        <test-method status="SKIP" signature="configBM()[pri:0, instance:com.vTigerCRM.qa.testcases.CreateOrganizationTest@5622fdf]" name="configBM" is-config="true" duration-ms="0" started-at="2020-04-09T05:00:36Z" finished-at="2020-04-09T05:00:36Z">
          <reporter-output>
          </reporter-output>
        </test-method> <!-- configBM -->
        <test-method status="SKIP" signature="validateCreateOrganizationTest(java.lang.String, java.lang.String, java.lang.String)[pri:1, instance:com.vTigerCRM.qa.testcases.CreateOrganizationTest@5622fdf]" name="validateCreateOrganizationTest" duration-ms="0" started-at="2020-04-09T05:00:36Z" data-provider="getCRMTestData" finished-at="2020-04-09T05:00:36Z">
          <exception class="org.openqa.selenium.ElementNotInteractableException">
            <message>
              <![CDATA[element not interactable
  (Session info: chrome=80.0.3987.163)
Build info: version: '3.141.59', revision: 'e82be7d358', time: '2018-11-14T08:17:03'
System info: host: 'TIPPU', ip: '192.168.56.1', os.name: 'Windows 10', os.arch: 'amd64', os.version: '10.0', java.version: '1.8.0_201'
Driver info: org.openqa.selenium.chrome.ChromeDriver
Capabilities {acceptInsecureCerts: false, browserName: chrome, browserVersion: 80.0.3987.163, chrome: {chromedriverVersion: 80.0.3987.106 (f68069574609..., userDataDir: C:\Users\tippe\AppData\Loca...}, goog:chromeOptions: {debuggerAddress: localhost:53645}, javascriptEnabled: true, networkConnectionEnabled: false, pageLoadStrategy: normal, platform: WINDOWS, platformName: WINDOWS, proxy: Proxy(), setWindowRect: true, strictFileInteractability: false, timeouts: {implicit: 0, pageLoad: 300000, script: 30000}, unhandledPromptBehavior: dismiss and notify}
Session ID: 1be0b1e33bdee0d39392b034ddd78dd7]]>
            </message>
            <full-stacktrace>
              <![CDATA[org.openqa.selenium.ElementNotInteractableException: element not interactable
  (Session info: chrome=80.0.3987.163)
Build info: version: '3.141.59', revision: 'e82be7d358', time: '2018-11-14T08:17:03'
System info: host: 'TIPPU', ip: '192.168.56.1', os.name: 'Windows 10', os.arch: 'amd64', os.version: '10.0', java.version: '1.8.0_201'
Driver info: org.openqa.selenium.chrome.ChromeDriver
Capabilities {acceptInsecureCerts: false, browserName: chrome, browserVersion: 80.0.3987.163, chrome: {chromedriverVersion: 80.0.3987.106 (f68069574609..., userDataDir: C:\Users\tippe\AppData\Loca...}, goog:chromeOptions: {debuggerAddress: localhost:53645}, javascriptEnabled: true, networkConnectionEnabled: false, pageLoadStrategy: normal, platform: WINDOWS, platformName: WINDOWS, proxy: Proxy(), setWindowRect: true, strictFileInteractability: false, timeouts: {implicit: 0, pageLoad: 300000, script: 30000}, unhandledPromptBehavior: dismiss and notify}
Session ID: 1be0b1e33bdee0d39392b034ddd78dd7
at sun.reflect.NativeConstructorAccessorImpl.newInstance0(Native Method)
at sun.reflect.NativeConstructorAccessorImpl.newInstance(Unknown Source)
at sun.reflect.DelegatingConstructorAccessorImpl.newInstance(Unknown Source)
at java.lang.reflect.Constructor.newInstance(Unknown Source)
at org.openqa.selenium.remote.http.W3CHttpResponseCodec.createException(W3CHttpResponseCodec.java:187)
at org.openqa.selenium.remote.http.W3CHttpResponseCodec.decode(W3CHttpResponseCodec.java:122)
at org.openqa.selenium.remote.http.W3CHttpResponseCodec.decode(W3CHttpResponseCodec.java:49)
at org.openqa.selenium.remote.HttpCommandExecutor.execute(HttpCommandExecutor.java:158)
at org.openqa.selenium.remote.service.DriverCommandExecutor.execute(DriverCommandExecutor.java:83)
at org.openqa.selenium.remote.RemoteWebDriver.execute(RemoteWebDriver.java:552)
at org.openqa.selenium.remote.RemoteWebElement.execute(RemoteWebElement.java:285)
at org.openqa.selenium.remote.RemoteWebElement.click(RemoteWebElement.java:84)
at sun.reflect.NativeMethodAccessorImpl.invoke0(Native Method)
at sun.reflect.NativeMethodAccessorImpl.invoke(Unknown Source)
at sun.reflect.DelegatingMethodAccessorImpl.invoke(Unknown Source)
at java.lang.reflect.Method.invoke(Unknown Source)
at org.openqa.selenium.support.events.EventFiringWebDriver$EventFiringWebElement.lambda$new$0(EventFiringWebDriver.java:404)
at com.sun.proxy.$Proxy16.click(Unknown Source)
at org.openqa.selenium.support.events.EventFiringWebDriver$EventFiringWebElement.click(EventFiringWebDriver.java:417)
at com.vTigerCRM.qa.pages.Homepage.signOut(Homepage.java:76)
at com.vTigerCRM.qa.Base.TestBase.configAC(TestBase.java:89)
at sun.reflect.NativeMethodAccessorImpl.invoke0(Native Method)
at sun.reflect.NativeMethodAccessorImpl.invoke(Unknown Source)
at sun.reflect.DelegatingMethodAccessorImpl.invoke(Unknown Source)
at java.lang.reflect.Method.invoke(Unknown Source)
at org.testng.internal.MethodInvocationHelper.invokeMethod(MethodInvocationHelper.java:124)
at org.testng.internal.MethodInvocationHelper.invokeMethodConsideringTimeout(MethodInvocationHelper.java:59)
at org.testng.internal.Invoker.invokeConfigurationMethod(Invoker.java:458)
at org.testng.internal.Invoker.invokeConfigurations(Invoker.java:222)
at org.testng.internal.Invoker.invokeMethod(Invoker.java:646)
at org.testng.internal.Invoker.invokeTestMethod(Invoker.java:719)
at org.testng.internal.Invoker.invokeTestMethods(Invoker.java:989)
at org.testng.internal.TestMethodWorker.invokeTestMethods(TestMethodWorker.java:125)
at org.testng.internal.TestMethodWorker.run(TestMethodWorker.java:109)
at org.testng.TestRunner.privateRun(TestRunner.java:648)
at org.testng.TestRunner.run(TestRunner.java:505)
at org.testng.SuiteRunner.runTest(SuiteRunner.java:455)
at org.testng.SuiteRunner.runSequentially(SuiteRunner.java:450)
at org.testng.SuiteRunner.privateRun(SuiteRunner.java:415)
at org.testng.SuiteRunner.run(SuiteRunner.java:364)
at org.testng.SuiteRunnerWorker.runSuite(SuiteRunnerWorker.java:52)
at org.testng.SuiteRunnerWorker.run(SuiteRunnerWorker.java:84)
at org.testng.TestNG.runSuitesSequentially(TestNG.java:1208)
at org.testng.TestNG.runSuitesLocally(TestNG.java:1137)
at org.testng.TestNG.runSuites(TestNG.java:1049)
at org.testng.TestNG.run(TestNG.java:1017)
at org.testng.remote.AbstractRemoteTestNG.run(AbstractRemoteTestNG.java:114)
at org.testng.remote.RemoteTestNG.initAndRun(RemoteTestNG.java:251)
at org.testng.remote.RemoteTestNG.main(RemoteTestNG.java:77)
]]>
            </full-stacktrace>
          </exception> <!-- org.openqa.selenium.ElementNotInteractableException -->
          <reporter-output>
          </reporter-output>
        </test-method> <!-- validateCreateOrganizationTest -->
        <test-method status="SKIP" signature="configAC()[pri:0, instance:com.vTigerCRM.qa.testcases.CreateOrganizationTest@5622fdf]" name="configAC" is-config="true" duration-ms="0" started-at="2020-04-09T05:00:36Z" finished-at="2020-04-09T05:00:36Z">
          <reporter-output>
          </reporter-output>
        </test-method> <!-- configAC -->
        <test-method status="SKIP" signature="configaAM()[pri:0, instance:com.vTigerCRM.qa.testcases.CreateOrganizationTest@5622fdf]" name="configaAM" is-config="true" duration-ms="0" started-at="2020-04-09T05:00:36Z" finished-at="2020-04-09T05:00:36Z">
          <reporter-output>
          </reporter-output>
        </test-method> <!-- configaAM -->
      </class> <!-- com.vTigerCRM.qa.testcases.CreateOrganizationTest -->
    </test> <!-- Default test -->
  </suite> <!-- Default suite -->
</testng-results>
